[debug] [2020-01-25T04:18:51.423Z] ----------------------------------------------------------------------
[debug] [2020-01-25T04:18:51.425Z] Command:       /usr/local/bin/node /usr/local/bin/firebase init
[debug] [2020-01-25T04:18:51.426Z] CLI Version:   7.12.1
[debug] [2020-01-25T04:18:51.426Z] Platform:      darwin
[debug] [2020-01-25T04:18:51.426Z] Node Version:  v12.14.1
[debug] [2020-01-25T04:18:51.431Z] Time:          Fri Jan 24 2020 20:18:51 GMT-0800 (Pacific Standard Time)
[debug] [2020-01-25T04:18:51.431Z] ----------------------------------------------------------------------
[debug] [2020-01-25T04:18:51.431Z] 
[debug] [2020-01-25T04:18:51.439Z] > command requires scopes: ["email","openid","https://www.googleapis.com/auth/cloudplatformprojects.readonly","https://www.googleapis.com/auth/firebase","https://www.googleapis.com/auth/cloud-platform"]
[debug] [2020-01-25T04:18:51.440Z] > authorizing via signed-in user
[info] 
     ######## #### ########  ######## ########     ###     ######  ########
     ##        ##  ##     ## ##       ##     ##  ##   ##  ##       ##
     ######    ##  ########  ######   ########  #########  ######  ######
     ##        ##  ##    ##  ##       ##     ## ##     ##       ## ##
     ##       #### ##     ## ######## ########  ##     ##  ######  ########

You're about to initialize a Firebase project in this directory:

  /Users/tammyho/projects/cheddar

Before we get started, keep in mind:

  * You are initializing in an existing Firebase project directory

[debug] [2020-01-29T16:48:54.007Z] Error: write EIO
    at afterWriteDispatched (internal/stream_base_commons.js:149:25)
    at writeGeneric (internal/stream_base_commons.js:140:3)
    at WriteStream.Socket._writeGeneric (net.js:776:11)
    at WriteStream.Socket._write (net.js:788:8)
    at doWrite (_stream_writable.js:435:12)
    at writeOrBuffer (_stream_writable.js:419:5)
    at WriteStream.Writable.write (_stream_writable.js:309:11)
    at EventEmitter.signalExit.alwaysLast (/usr/local/lib/node_modules/firebase-tools/node_modules/restore-cursor/index.js:7:18)
    at EventEmitter.emit (events.js:223:5)
    at EventEmitter.emit (domain.js:475:20)
    at emit (/usr/local/lib/node_modules/firebase-tools/node_modules/signal-exit/index.js:77:11)
    at process.listener (/usr/local/lib/node_modules/firebase-tools/node_modules/signal-exit/index.js:93:7)
    at process.emit (events.js:223:5)
